[debug] [2024-04-02T04:02:47.707Z] ----------------------------------------------------------------------
[debug] [2024-04-02T04:02:47.709Z] Command:       /usr/bin/node /usr/local/bin/firebase init hosting
[debug] [2024-04-02T04:02:47.710Z] CLI Version:   13.6.0
[debug] [2024-04-02T04:02:47.710Z] Platform:      linux
[debug] [2024-04-02T04:02:47.710Z] Node Version:  v18.19.0
[debug] [2024-04-02T04:02:47.711Z] Time:          Tue Apr 02 2024 09:32:47 GMT+0530 (India Standard Time)
[debug] [2024-04-02T04:02:47.711Z] ----------------------------------------------------------------------
[debug] 
[debug] [2024-04-02T04:02:47.784Z] > command requires scopes: ["email","openid","https://www.googleapis.com/auth/cloudplatformprojects.readonly","https://www.googleapis.com/auth/firebase","https://www.googleapis.com/auth/cloud-platform"]
[debug] [2024-04-02T04:02:47.785Z] > authorizing via signed-in user (vinitkeshri4171@gmail.com)
[info] 
     ######## #### ########  ######## ########     ###     ######  ########
     ##        ##  ##     ## ##       ##     ##  ##   ##  ##       ##
     ######    ##  ########  ######   ########  #########  ######  ######
     ##        ##  ##    ##  ##       ##     ## ##     ##       ## ##
     ##       #### ##     ## ######## ########  ##     ##  ######  ########

You're about to initialize a Firebase project in this directory:

  /home/vktori/Documents/WEB DEV PROJECTS/Firebase/whatintheclass

Before we get started, keep in mind:

  * You are initializing within an existing Firebase project directory

[info] 
=== Project Setup
[info] 
[info] First, let's associate this project directory with a Firebase project.
[info] You can create multiple project aliases by running firebase use --add, 
[info] but for now we'll just set up a default project.
[info] 
[debug] [2024-04-02T04:02:47.789Z] Using project from CLI flag: whatintheclass
[debug] [2024-04-02T04:02:47.798Z] >>> [apiv2][query] GET https://firebase.googleapis.com/v1beta1/projects/whatintheclass [none]
[debug] [2024-04-02T04:02:48.406Z] <<< [apiv2][status] GET https://firebase.googleapis.com/v1beta1/projects/whatintheclass 200
[debug] [2024-04-02T04:02:48.406Z] <<< [apiv2][body] GET https://firebase.googleapis.com/v1beta1/projects/whatintheclass {"projectId":"whatintheclass","projectNumber":"1052403177940","displayName":"whatintheclass","name":"projects/whatintheclass","resources":{"hostingSite":"whatintheclass"},"state":"ACTIVE","etag":"1_47823541-e802-4d6b-8d97-4549fe26cd78"}
[info] i  Using project whatintheclass (whatintheclass) 
[info] 
=== Hosting Setup
[debug] [2024-04-02T04:02:48.414Z] >>> [apiv2][query] GET https://firebase.googleapis.com/v1beta1/projects/whatintheclass [none]
[debug] [2024-04-02T04:02:49.618Z] <<< [apiv2][status] GET https://firebase.googleapis.com/v1beta1/projects/whatintheclass 200
[debug] [2024-04-02T04:02:49.618Z] <<< [apiv2][body] GET https://firebase.googleapis.com/v1beta1/projects/whatintheclass {"projectId":"whatintheclass","projectNumber":"1052403177940","displayName":"whatintheclass","name":"projects/whatintheclass","resources":{"hostingSite":"whatintheclass"},"state":"ACTIVE","etag":"1_47823541-e802-4d6b-8d97-4549fe26cd78"}
[info] 
[info] Your public directory is the folder (relative to your project directory) that
[info] will contain Hosting assets to be uploaded with firebase deploy. If you
[info] have a build process for your assets, use your build's output directory.
[info] 
